<?xml version="1.0" encoding="UTF-8"?>
<!-- Generated by org.testng.reporters.JUnitReportReporter -->
<testsuite hostname="INBook_X1" failures="0" tests="1" name="testCases.TC_002_LoginTest" time="1.831" errors="0" timestamp="2023-09-08T10:31:31 IST" skipped="0">
  <testcase classname="testCases.TC_002_LoginTest" name="test_login" time="1.831"/>
</testsuite> <!-- testCases.TC_002_LoginTest -->
